[19-May-2014 14:13:34 UTC] hello world!
[19-May-2014 14:13:34 UTC] PHP Notice:  Undefined offset: 0 in /var/www/community-framework/library/shared.php on line 22
[19-May-2014 14:13:34 UTC] PHP Fatal error:  Class 'Controller' not found in /var/www/community-framework/library/shared.php on line 30
[19-May-2014 14:14:51 UTC] hello world!
[19-May-2014 20:17:47 Asia/Dhaka] hello world!
[19-May-2014 20:20:56 Asia/Dhaka] PHP Notice:  Array to string conversion in /var/www/community-framework/library/shared.php on line 21
[19-May-2014 20:21:43 Asia/Dhaka] PHP Fatal error:  Class 'ItemsController' not found in /var/www/community-framework/library/shared.php on line 31
[19-May-2014 20:22:37 Asia/Dhaka] PHP Fatal error:  Class 'ItemsController' not found in /var/www/community-framework/library/shared.php on line 31
[19-May-2014 20:22:38 Asia/Dhaka] PHP Fatal error:  Class 'ItemsController' not found in /var/www/community-framework/library/shared.php on line 31
[19-May-2014 20:22:38 Asia/Dhaka] PHP Fatal error:  Class 'ItemsController' not found in /var/www/community-framework/library/shared.php on line 31
[19-May-2014 20:22:39 Asia/Dhaka] PHP Fatal error:  Class 'ItemsController' not found in /var/www/community-framework/library/shared.php on line 31
[19-May-2014 20:22:39 Asia/Dhaka] PHP Fatal error:  Class 'ItemsController' not found in /var/www/community-framework/library/shared.php on line 31
[19-May-2014 20:23:29 Asia/Dhaka] PHP Fatal error:  Class 'ItemsController' not found in /var/www/community-framework/library/shared.php on line 31
[19-May-2014 20:23:30 Asia/Dhaka] PHP Fatal error:  Class 'ItemsController' not found in /var/www/community-framework/library/shared.php on line 31
[19-May-2014 20:23:30 Asia/Dhaka] PHP Fatal error:  Class 'ItemsController' not found in /var/www/community-framework/library/shared.php on line 31
[19-May-2014 20:23:30 Asia/Dhaka] PHP Fatal error:  Class 'ItemsController' not found in /var/www/community-framework/library/shared.php on line 31
[19-May-2014 20:23:30 Asia/Dhaka] PHP Fatal error:  Class 'ItemsController' not found in /var/www/community-framework/library/shared.php on line 31
[19-May-2014 20:23:30 Asia/Dhaka] PHP Fatal error:  Class 'ItemsController' not found in /var/www/community-framework/library/shared.php on line 31
[19-May-2014 20:25:01 Asia/Dhaka] PHP Fatal error:  Class 'ItemsController' not found in /var/www/community-framework/library/shared.php on line 29
[19-May-2014 20:25:07 Asia/Dhaka] PHP Notice:  Undefined offset: 0 in /var/www/community-framework/library/shared.php on line 18
[19-May-2014 20:25:07 Asia/Dhaka] PHP Fatal error:  Class 'GhController' not found in /var/www/community-framework/library/shared.php on line 29
[19-May-2014 20:26:28 Asia/Dhaka] PHP Notice:  Undefined offset: 0 in /var/www/community-framework/library/shared.php on line 19
[19-May-2014 20:26:28 Asia/Dhaka] PHP Fatal error:  Class 'GhController' not found in /var/www/community-framework/library/shared.php on line 30
[19-May-2014 20:26:29 Asia/Dhaka] PHP Notice:  Undefined offset: 0 in /var/www/community-framework/library/shared.php on line 19
[19-May-2014 20:26:29 Asia/Dhaka] PHP Fatal error:  Class 'GhController' not found in /var/www/community-framework/library/shared.php on line 30
[19-May-2014 20:26:29 Asia/Dhaka] PHP Notice:  Undefined offset: 0 in /var/www/community-framework/library/shared.php on line 19
[19-May-2014 20:26:29 Asia/Dhaka] PHP Fatal error:  Class 'GhController' not found in /var/www/community-framework/library/shared.php on line 30
[19-May-2014 20:26:30 Asia/Dhaka] PHP Notice:  Undefined offset: 0 in /var/www/community-framework/library/shared.php on line 19
[19-May-2014 20:26:30 Asia/Dhaka] PHP Fatal error:  Class 'GhController' not found in /var/www/community-framework/library/shared.php on line 30
[19-May-2014 20:26:30 Asia/Dhaka] PHP Notice:  Undefined offset: 0 in /var/www/community-framework/library/shared.php on line 19
[19-May-2014 20:26:30 Asia/Dhaka] PHP Fatal error:  Class 'GhController' not found in /var/www/community-framework/library/shared.php on line 30
[19-May-2014 20:26:32 Asia/Dhaka] PHP Fatal error:  Class 'Item' not found in /var/www/community-framework/application/controllers/itemscontroller.php on line 5
[19-May-2014 20:27:57 Asia/Dhaka] PHP Warning:  require_once(/var/www/community-framework/application/controllers): failed to open stream: No such file or directory in /var/www/community-framework/library/shared.php on line 40
[19-May-2014 20:27:57 Asia/Dhaka] PHP Fatal error:  require_once(): Failed opening required '/var/www/community-framework/application/controllers' (include_path='.:/usr/share/php:/usr/share/pear') in /var/www/community-framework/library/shared.php on line 40
[19-May-2014 20:28:51 Asia/Dhaka] PHP Fatal error:  Class 'ItemsController' not found in /var/www/community-framework/library/shared.php on line 29
[19-May-2014 20:30:59 Asia/Dhaka] PHP Fatal error:  Call to a member function render() on a non-object in /var/www/community-framework/library/controller.php on line 15
[19-May-2014 20:35:18 Asia/Dhaka] PHP Fatal error:  Call to a member function render() on a non-object in /var/www/community-framework/library/controller.php on line 15
[19-May-2014 20:35:19 Asia/Dhaka] PHP Fatal error:  Call to a member function render() on a non-object in /var/www/community-framework/library/controller.php on line 15
[19-May-2014 20:50:42 Asia/Dhaka] PHP Notice:  Undefined variable: classname in /var/www/community-framework/library/shared.php on line 47
[19-May-2014 20:50:42 Asia/Dhaka] There is no such class called !
[19-May-2014 20:50:42 Asia/Dhaka] PHP Notice:  Undefined variable: classname in /var/www/community-framework/library/shared.php on line 48
[19-May-2014 20:50:42 Asia/Dhaka] PHP Fatal error:  Call to a member function render() on a non-object in /var/www/community-framework/library/controller.php on line 15
[19-May-2014 20:51:33 Asia/Dhaka] PHP Fatal error:  Call to a member function render() on a non-object in /var/www/community-framework/library/controller.php on line 15
[19-May-2014 20:52:13 Asia/Dhaka] PHP Fatal error:  Call to a member function render() on a non-object in /var/www/community-framework/library/controller.php on line 15
[19-May-2014 20:52:31 Asia/Dhaka] PHP Fatal error:  Call to a member function render() on a non-object in /var/www/community-framework/library/controller.php on line 15
[19-May-2014 20:52:47 Asia/Dhaka] PHP Fatal error:  Call to a member function render() on a non-object in /var/www/community-framework/library/controller.php on line 15
[19-May-2014 21:02:53 Asia/Dhaka] PHP Notice:  Undefined variable: _HEADER in /var/www/community-framework/library/url.php on line 19
[19-May-2014 21:02:53 Asia/Dhaka] PHP Fatal error:  Call to a member function render() on a non-object in /var/www/community-framework/library/controller.php on line 15
[19-May-2014 22:07:51 Asia/Dhaka] PHP Notice:  Undefined variable: _HEADER in /var/www/community-framework/library/url.php on line 19
[19-May-2014 22:07:51 Asia/Dhaka] PHP Fatal error:  Call to a member function render() on a non-object in /var/www/community-framework/library/controller.php on line 15
[19-May-2014 22:12:22 Asia/Dhaka] PHP Notice:  Undefined variable: _HEADER in /var/www/community-framework/library/url.php on line 22
[19-May-2014 22:12:43 Asia/Dhaka] PHP Notice:  Undefined index: HTTP_REFERER in /var/www/community-framework/library/url.php on line 22
[19-May-2014 22:13:29 Asia/Dhaka] PHP Notice:  Undefined index: HTTP_REFERER in /var/www/community-framework/library/url.php on line 22
[19-May-2014 22:14:51 Asia/Dhaka] PHP Fatal error:  Call to undefined method Url::redirect_back() in /var/www/community-framework/application/controllers/itemscontroller.php on line 6
[19-May-2014 22:15:04 Asia/Dhaka] PHP Notice:  Undefined property: Url::$_base_url in /var/www/community-framework/library/url.php on line 18
[19-May-2014 22:15:19 Asia/Dhaka] PHP Notice:  Undefined variable: classname in /var/www/community-framework/library/shared.php on line 47
[19-May-2014 22:15:19 Asia/Dhaka] There is no such class called !
[19-May-2014 22:15:19 Asia/Dhaka] PHP Notice:  Undefined variable: classname in /var/www/community-framework/library/shared.php on line 48
[19-May-2014 22:15:36 Asia/Dhaka] PHP Notice:  Undefined variable: classname in /var/www/community-framework/library/shared.php on line 47
[19-May-2014 22:15:36 Asia/Dhaka] There is no such class called !
[19-May-2014 22:15:36 Asia/Dhaka] PHP Notice:  Undefined variable: classname in /var/www/community-framework/library/shared.php on line 48
[19-May-2014 22:16:27 Asia/Dhaka] PHP Notice:  Undefined variable: classname in /var/www/community-framework/library/shared.php on line 47
[19-May-2014 22:16:27 Asia/Dhaka] There is no such class called !
[19-May-2014 22:16:27 Asia/Dhaka] PHP Notice:  Undefined variable: classname in /var/www/community-framework/library/shared.php on line 48
[19-May-2014 22:16:28 Asia/Dhaka] PHP Notice:  Undefined variable: classname in /var/www/community-framework/library/shared.php on line 47
[19-May-2014 22:16:28 Asia/Dhaka] There is no such class called !
[19-May-2014 22:16:28 Asia/Dhaka] PHP Notice:  Undefined variable: classname in /var/www/community-framework/library/shared.php on line 48
[19-May-2014 22:17:59 Asia/Dhaka] PHP Notice:  Undefined variable: classname in /var/www/community-framework/library/shared.php on line 47
[19-May-2014 22:17:59 Asia/Dhaka] There is no such class called !
[19-May-2014 22:17:59 Asia/Dhaka] PHP Notice:  Undefined variable: classname in /var/www/community-framework/library/shared.php on line 48
[19-May-2014 22:18:16 Asia/Dhaka] PHP Notice:  Undefined variable: classname in /var/www/community-framework/library/shared.php on line 47
[19-May-2014 22:18:16 Asia/Dhaka] There is no such class called !
[19-May-2014 22:18:16 Asia/Dhaka] PHP Notice:  Undefined variable: classname in /var/www/community-framework/library/shared.php on line 48
[19-May-2014 22:18:16 Asia/Dhaka] PHP Notice:  Undefined variable: classname in /var/www/community-framework/library/shared.php on line 47
[19-May-2014 22:18:16 Asia/Dhaka] There is no such class called !
[19-May-2014 22:18:16 Asia/Dhaka] PHP Notice:  Undefined variable: classname in /var/www/community-framework/library/shared.php on line 48
[19-May-2014 22:42:49 Asia/Dhaka] PHP Fatal error:  Call to undefined function mcrypt_create_iv() in /var/www/community-framework/library/encrypt.php on line 8
[19-May-2014 22:45:48 Asia/Dhaka] PHP Fatal error:  Call to undefined function mcrypt_create_iv() in /var/www/community-framework/library/encrypt.php on line 8
[19-May-2014 22:45:48 Asia/Dhaka] PHP Fatal error:  Call to undefined function mcrypt_create_iv() in /var/www/community-framework/library/encrypt.php on line 8
[19-May-2014 22:45:49 Asia/Dhaka] PHP Fatal error:  Call to undefined function mcrypt_create_iv() in /var/www/community-framework/library/encrypt.php on line 8
[19-May-2014 22:45:49 Asia/Dhaka] PHP Fatal error:  Call to undefined function mcrypt_create_iv() in /var/www/community-framework/library/encrypt.php on line 8
[19-May-2014 22:46:45 Asia/Dhaka] PHP Fatal error:  Call to undefined function mcrypt_create_iv() in /var/www/community-framework/library/encrypt.php on line 8
[19-May-2014 22:46:46 Asia/Dhaka] PHP Fatal error:  Call to undefined function mcrypt_create_iv() in /var/www/community-framework/library/encrypt.php on line 8
[19-May-2014 22:46:47 Asia/Dhaka] PHP Fatal error:  Call to undefined function mcrypt_create_iv() in /var/www/community-framework/library/encrypt.php on line 8
[19-May-2014 22:46:47 Asia/Dhaka] PHP Fatal error:  Call to undefined function mcrypt_create_iv() in /var/www/community-framework/library/encrypt.php on line 8
[19-May-2014 22:46:47 Asia/Dhaka] PHP Fatal error:  Call to undefined function mcrypt_create_iv() in /var/www/community-framework/library/encrypt.php on line 8
[19-May-2014 22:48:36 Asia/Dhaka] PHP Fatal error:  Call to undefined method Encrypt::encode() in /var/www/community-framework/application/controllers/itemscontroller.php on line 6
[20-May-2014 00:04:20 Asia/Dhaka] PHP Notice:  Undefined index: honolulu in /var/www/community-framework/application/controllers/itemscontroller.php on line 5
[20-May-2014 00:04:52 Asia/Dhaka] PHP Notice:  Undefined index: honolulu in /var/www/community-framework/application/controllers/itemscontroller.php on line 5
[20-May-2014 04:19:16 Asia/Dhaka] PHP Warning:  mysqli_query() expects parameter 1 to be mysqli, string given in /var/www/community-framework/library/SQLQuery.php on line 23
[20-May-2014 04:19:16 Asia/Dhaka] PHP Warning:  mysqli_fetch_object() expects parameter 1 to be mysqli_result, null given in /var/www/community-framework/library/SQLQuery.php on line 35
[20-May-2014 04:22:58 Asia/Dhaka] PHP Notice:  Use of undefined constant mysqli_insert_id - assumed 'mysqli_insert_id' in /var/www/community-framework/library/SQLQuery.php on line 24
[20-May-2014 04:23:27 Asia/Dhaka] PHP Notice:  Undefined property: mysqli::$mysqli_insert_id in /var/www/community-framework/library/SQLQuery.php on line 24
[20-May-2014 04:36:01 Asia/Dhaka] PHP Parse error:  syntax error, unexpected 'as' (T_AS), expecting ';' in /var/www/community-framework/library/form.php on line 18
[20-May-2014 04:36:23 Asia/Dhaka] PHP Notice:  Undefined index: firstname in /var/www/community-framework/library/form.php on line 16
[20-May-2014 04:36:23 Asia/Dhaka] PHP Notice:  Undefined index: lastname in /var/www/community-framework/library/form.php on line 16
[20-May-2014 04:36:23 Asia/Dhaka] PHP Notice:  Undefined index: email in /var/www/community-framework/library/form.php on line 16
[20-May-2014 04:36:23 Asia/Dhaka] PHP Notice:  Undefined index: password in /var/www/community-framework/library/form.php on line 16
[20-May-2014 04:36:23 Asia/Dhaka] PHP Notice:  Undefined index: confirm-password in /var/www/community-framework/library/form.php on line 16
[20-May-2014 04:36:23 Asia/Dhaka] PHP Notice:  Undefined variable: user in /var/www/community-framework/application/controllers/userscontroller.php on line 36
[20-May-2014 04:36:23 Asia/Dhaka] PHP Fatal error:  Call to a member function insert_user() on a non-object in /var/www/community-framework/application/controllers/userscontroller.php on line 36
[20-May-2014 04:37:54 Asia/Dhaka] PHP Notice:  Undefined variable: user in /var/www/community-framework/application/controllers/userscontroller.php on line 36
[20-May-2014 04:37:54 Asia/Dhaka] PHP Fatal error:  Call to a member function insert_user() on a non-object in /var/www/community-framework/application/controllers/userscontroller.php on line 36
[20-May-2014 04:38:53 Asia/Dhaka] SitesController has no method called indexpublic!
[20-May-2014 04:38:53 Asia/Dhaka] SitesController has no method called indexpublic!
[20-May-2014 04:38:53 Asia/Dhaka] SitesController has no method called indexpublic!
[20-May-2014 04:38:57 Asia/Dhaka] SitesController has no method called indexpublic!
[20-May-2014 04:38:57 Asia/Dhaka] SitesController has no method called indexpublic!
[20-May-2014 04:38:57 Asia/Dhaka] SitesController has no method called indexpublic!
[20-May-2014 05:00:02 Asia/Dhaka] PHP Notice:  Undefined variable: error in /var/www/community-framework/application/controllers/userscontroller.php on line 49
[20-May-2014 05:14:46 Asia/Dhaka] PHP Fatal error:  Allowed memory size of 134217728 bytes exhausted (tried to allocate 130968 bytes) in /var/www/community-framework/application/models/user.php on line 28
[20-May-2014 05:36:22 Asia/Dhaka] PHP Parse error:  syntax error, unexpected '}', expecting variable (T_VARIABLE) or '$' in /var/www/community-framework/application/controllers/userscontroller.php on line 69
[20-May-2014 06:17:33 Asia/Dhaka] PHP Warning:  mysqli_num_rows() expects parameter 1 to be mysqli_result, boolean given in /var/www/community-framework/library/SQLQuery.php on line 39
[20-May-2014 06:17:33 Asia/Dhaka] PHP Fatal error:  Call to undefined method User::redirect_back() in /var/www/community-framework/application/controllers/userscontroller.php on line 105
[20-May-2014 06:18:41 Asia/Dhaka] PHP Notice:  Trying to get property of non-object in /var/www/community-framework/library/SQLQuery.php on line 39
[20-May-2014 06:18:41 Asia/Dhaka] PHP Fatal error:  Call to undefined method User::redirect_back() in /var/www/community-framework/application/controllers/userscontroller.php on line 105
[20-May-2014 06:23:47 Asia/Dhaka] PHP Notice:  Undefined variable: con in /var/www/community-framework/library/SQLQuery.php on line 26
[20-May-2014 06:23:47 Asia/Dhaka] PHP Warning:  mysqli_error() expects parameter 1 to be mysqli, null given in /var/www/community-framework/library/SQLQuery.php on line 26
[20-May-2014 06:25:59 Asia/Dhaka] PHP Notice:  Undefined variable: url in /var/www/community-framework/application/controllers/userscontroller.php on line 98
[20-May-2014 06:25:59 Asia/Dhaka] PHP Fatal error:  Call to a member function redirect() on a non-object in /var/www/community-framework/application/controllers/userscontroller.php on line 98
[20-May-2014 06:26:34 Asia/Dhaka] UsersController has no method called loginsites!
[20-May-2014 07:17:52 Asia/Dhaka] PHP Fatal error:  Call to undefined method Problem::viewall() in /var/www/community-framework/application/controllers/problemscontroller.php on line 6
[23-May-2014 13:39:28 Asia/Dhaka] PHP Warning:  Missing argument 1 for SQLQuery::query(), called in /var/www/community-framework/application/models/problem.php on line 13 and defined in /var/www/community-framework/library/SQLQuery.php on line 22
[23-May-2014 13:39:28 Asia/Dhaka] PHP Notice:  Undefined variable: query in /var/www/community-framework/library/SQLQuery.php on line 23
[23-May-2014 13:39:28 Asia/Dhaka] PHP Warning:  mysqli_query(): Empty query in /var/www/community-framework/library/SQLQuery.php on line 23
[23-May-2014 13:39:28 Asia/Dhaka] PHP Warning:  mysqli_fetch_object() expects parameter 1 to be mysqli_result, boolean given in /var/www/community-framework/library/SQLQuery.php on line 35
[23-May-2014 13:39:28 Asia/Dhaka] PHP Notice:  Undefined variable: new_problems in /var/www/community-framework/application/controllers/problemscontroller.php on line 14
[23-May-2014 13:40:11 Asia/Dhaka] PHP Notice:  Undefined variable: new_problems in /var/www/community-framework/application/controllers/problemscontroller.php on line 14
[23-May-2014 13:52:50 Asia/Dhaka] PHP Notice:  Undefined variable: problem_id in /var/www/community-framework/application/views/problem.php on line 24
[23-May-2014 13:52:50 Asia/Dhaka] PHP Warning:  mysqli_fetch_object() expects parameter 1 to be mysqli_result, boolean given in /var/www/community-framework/library/SQLQuery.php on line 35
[23-May-2014 13:52:58 Asia/Dhaka] PHP Notice:  Trying to get property of non-object in /var/www/community-framework/application/views/problem.php on line 22
[23-May-2014 13:52:58 Asia/Dhaka] PHP Notice:  Trying to get property of non-object in /var/www/community-framework/application/views/problem.php on line 23
[23-May-2014 13:52:58 Asia/Dhaka] PHP Notice:  Undefined variable: problem_id in /var/www/community-framework/application/views/problem.php on line 24
[23-May-2014 13:52:58 Asia/Dhaka] PHP Warning:  mysqli_fetch_object() expects parameter 1 to be mysqli_result, boolean given in /var/www/community-framework/library/SQLQuery.php on line 35
[23-May-2014 13:53:08 Asia/Dhaka] PHP Notice:  Trying to get property of non-object in /var/www/community-framework/application/views/problem.php on line 22
[23-May-2014 13:53:08 Asia/Dhaka] PHP Notice:  Trying to get property of non-object in /var/www/community-framework/application/views/problem.php on line 23
[23-May-2014 13:53:08 Asia/Dhaka] PHP Notice:  Undefined variable: problem_id in /var/www/community-framework/application/views/problem.php on line 24
[23-May-2014 13:53:08 Asia/Dhaka] PHP Warning:  mysqli_fetch_object() expects parameter 1 to be mysqli_result, boolean given in /var/www/community-framework/library/SQLQuery.php on line 35
[23-May-2014 13:53:14 Asia/Dhaka] PHP Notice:  Trying to get property of non-object in /var/www/community-framework/application/views/problem.php on line 22
[23-May-2014 13:53:14 Asia/Dhaka] PHP Notice:  Trying to get property of non-object in /var/www/community-framework/application/views/problem.php on line 23
[23-May-2014 13:53:14 Asia/Dhaka] PHP Notice:  Undefined variable: problem_id in /var/www/community-framework/application/views/problem.php on line 24
[23-May-2014 13:53:14 Asia/Dhaka] PHP Warning:  mysqli_fetch_object() expects parameter 1 to be mysqli_result, boolean given in /var/www/community-framework/library/SQLQuery.php on line 35
[23-May-2014 13:53:27 Asia/Dhaka] PHP Notice:  Trying to get property of non-object in /var/www/community-framework/application/views/problem.php on line 22
[23-May-2014 13:53:27 Asia/Dhaka] PHP Notice:  Trying to get property of non-object in /var/www/community-framework/application/views/problem.php on line 23
[23-May-2014 13:53:27 Asia/Dhaka] PHP Notice:  Undefined variable: problem_id in /var/www/community-framework/application/views/problem.php on line 24
[23-May-2014 13:53:38 Asia/Dhaka] PHP Notice:  Undefined variable: problem_id in /var/www/community-framework/application/views/problem.php on line 24
[23-May-2014 13:53:38 Asia/Dhaka] PHP Warning:  mysqli_fetch_object() expects parameter 1 to be mysqli_result, boolean given in /var/www/community-framework/library/SQLQuery.php on line 35
[23-May-2014 13:54:04 Asia/Dhaka] PHP Notice:  Trying to get property of non-object in /var/www/community-framework/application/views/problem.php on line 22
[23-May-2014 13:54:04 Asia/Dhaka] PHP Notice:  Trying to get property of non-object in /var/www/community-framework/application/views/problem.php on line 23
[23-May-2014 13:54:04 Asia/Dhaka] PHP Notice:  Undefined variable: problem_id in /var/www/community-framework/application/views/problem.php on line 24
[23-May-2014 13:54:04 Asia/Dhaka] PHP Warning:  mysqli_fetch_object() expects parameter 1 to be mysqli_result, boolean given in /var/www/community-framework/library/SQLQuery.php on line 35
[23-May-2014 13:54:34 Asia/Dhaka] PHP Notice:  Trying to get property of non-object in /var/www/community-framework/application/views/problem.php on line 22
[23-May-2014 13:54:34 Asia/Dhaka] PHP Notice:  Trying to get property of non-object in /var/www/community-framework/application/views/problem.php on line 23
[23-May-2014 13:54:34 Asia/Dhaka] PHP Notice:  Undefined variable: problem_id in /var/www/community-framework/application/views/problem.php on line 24
[23-May-2014 13:54:34 Asia/Dhaka] PHP Warning:  mysqli_fetch_object() expects parameter 1 to be mysqli_result, boolean given in /var/www/community-framework/library/SQLQuery.php on line 35
[23-May-2014 13:55:26 Asia/Dhaka] PHP Notice:  Trying to get property of non-object in /var/www/community-framework/application/views/problem.php on line 22
[23-May-2014 13:55:26 Asia/Dhaka] PHP Notice:  Trying to get property of non-object in /var/www/community-framework/application/views/problem.php on line 23
[23-May-2014 13:55:26 Asia/Dhaka] PHP Notice:  Undefined variable: problem_id in /var/www/community-framework/application/views/problem.php on line 24
[23-May-2014 13:55:26 Asia/Dhaka] PHP Warning:  mysqli_fetch_object() expects parameter 1 to be mysqli_result, boolean given in /var/www/community-framework/library/SQLQuery.php on line 35
[23-May-2014 13:55:57 Asia/Dhaka] PHP Notice:  Trying to get property of non-object in /var/www/community-framework/application/views/problem.php on line 22
[23-May-2014 13:55:57 Asia/Dhaka] PHP Notice:  Trying to get property of non-object in /var/www/community-framework/application/views/problem.php on line 23
[23-May-2014 13:55:57 Asia/Dhaka] PHP Notice:  Undefined variable: problem_id in /var/www/community-framework/application/views/problem.php on line 24
[23-May-2014 13:56:08 Asia/Dhaka] PHP Notice:  Undefined variable: problem_id in /var/www/community-framework/application/views/problem.php on line 24
[23-May-2014 13:56:08 Asia/Dhaka] PHP Warning:  mysqli_fetch_object() expects parameter 1 to be mysqli_result, boolean given in /var/www/community-framework/library/SQLQuery.php on line 35
[23-May-2014 13:56:21 Asia/Dhaka] PHP Notice:  Trying to get property of non-object in /var/www/community-framework/application/views/problem.php on line 22
[23-May-2014 13:56:21 Asia/Dhaka] PHP Notice:  Trying to get property of non-object in /var/www/community-framework/application/views/problem.php on line 23
[23-May-2014 13:56:21 Asia/Dhaka] PHP Notice:  Undefined variable: problem_id in /var/www/community-framework/application/views/problem.php on line 24
[23-May-2014 13:56:21 Asia/Dhaka] PHP Warning:  mysqli_fetch_object() expects parameter 1 to be mysqli_result, boolean given in /var/www/community-framework/library/SQLQuery.php on line 35
[23-May-2014 13:56:36 Asia/Dhaka] PHP Notice:  Trying to get property of non-object in /var/www/community-framework/application/views/problem.php on line 22
[23-May-2014 13:56:36 Asia/Dhaka] PHP Notice:  Trying to get property of non-object in /var/www/community-framework/application/views/problem.php on line 23
[23-May-2014 13:56:36 Asia/Dhaka] PHP Notice:  Undefined variable: problem_id in /var/www/community-framework/application/views/problem.php on line 24
[23-May-2014 13:56:37 Asia/Dhaka] PHP Warning:  mysqli_fetch_object() expects parameter 1 to be mysqli_result, boolean given in /var/www/community-framework/library/SQLQuery.php on line 35
[23-May-2014 13:56:47 Asia/Dhaka] PHP Notice:  Trying to get property of non-object in /var/www/community-framework/application/views/problem.php on line 22
[23-May-2014 13:56:47 Asia/Dhaka] PHP Notice:  Trying to get property of non-object in /var/www/community-framework/application/views/problem.php on line 23
[23-May-2014 13:56:47 Asia/Dhaka] PHP Notice:  Undefined variable: problem_id in /var/www/community-framework/application/views/problem.php on line 24
[23-May-2014 13:56:47 Asia/Dhaka] PHP Warning:  mysqli_fetch_object() expects parameter 1 to be mysqli_result, boolean given in /var/www/community-framework/library/SQLQuery.php on line 35
[23-May-2014 13:57:02 Asia/Dhaka] PHP Notice:  Trying to get property of non-object in /var/www/community-framework/application/views/problem.php on line 22
[23-May-2014 13:57:02 Asia/Dhaka] PHP Notice:  Trying to get property of non-object in /var/www/community-framework/application/views/problem.php on line 23
[23-May-2014 13:57:02 Asia/Dhaka] PHP Notice:  Undefined variable: problem_id in /var/www/community-framework/application/views/problem.php on line 24
[23-May-2014 13:57:02 Asia/Dhaka] PHP Warning:  mysqli_fetch_object() expects parameter 1 to be mysqli_result, boolean given in /var/www/community-framework/library/SQLQuery.php on line 35
[23-May-2014 13:57:17 Asia/Dhaka] PHP Notice:  Trying to get property of non-object in /var/www/community-framework/application/views/problem.php on line 22
[23-May-2014 13:57:17 Asia/Dhaka] PHP Notice:  Trying to get property of non-object in /var/www/community-framework/application/views/problem.php on line 23
[23-May-2014 13:57:17 Asia/Dhaka] PHP Notice:  Undefined variable: problem_id in /var/www/community-framework/application/views/problem.php on line 24
[23-May-2014 15:08:58 Asia/Dhaka] TutorialsController has no method called upload!
[23-May-2014 15:09:49 Asia/Dhaka] TutorialsController has no method called upload!
[23-May-2014 15:56:10 Asia/Dhaka] PHP Parse error:  syntax error, unexpected ')' in /var/www/community-framework/application/controllers/solutionscontroller.php on line 10
